<?xml version="1.0" encoding="UTF-8"?>
<!-- Generated by org.testng.reporters.JUnitReportReporter -->
<testsuite hostname="hrahman-lt-9955" failures="0" tests="11" name="testCases.TestCases" time="126.683" errors="0" timestamp="2022-05-06T17:53:26 EET" skipped="0">
  <testcase classname="testCases.TestCases" name="TestCase_1" time="9.361"/>
  <system-out/>
  <testcase classname="testCases.TestCases" name="TestCase_1" time="4.996"/>
  <system-out/>
  <testcase classname="testCases.TestCases" name="TestCase_1" time="4.739"/>
  <system-out/>
  <testcase classname="testCases.TestCases" name="TestCase_1" time="27.386"/>
  <system-out/>
  <testcase classname="testCases.TestCases" name="TestCase_1" time="4.518"/>
  <system-out/>
  <testcase classname="testCases.TestCases" name="TestCase_2" time="6.406"/>
  <system-out/>
  <testcase classname="testCases.TestCases" name="TestCase_3" time="15.394"/>
  <system-out/>
  <testcase classname="testCases.TestCases" name="TestCase_3" time="14.697"/>
  <system-out/>
  <testcase classname="testCases.TestCases" name="TestCase_3" time="16.659"/>
  <system-out/>
  <testcase classname="testCases.TestCases" name="TestCase_4" time="11.495"/>
  <system-out/>
  <testcase classname="testCases.TestCases" name="TestCase_4" time="11.032"/>
  <system-out/>
</testsuite> <!-- testCases.TestCases -->
