<?xml version="1.0" encoding="UTF-8"?>
<!-- Generated by org.testng.reporters.JUnitReportReporter -->
<testsuite hostname="hrahman-lt-9955" failures="0" tests="11" name="testCases.TestCases" time="143.849" errors="0" timestamp="2022-05-06T18:15:09 EET" skipped="0">
  <testcase classname="testCases.TestCases" name="TestCase_1" time="31.691"/>
  <system-out/>
  <testcase classname="testCases.TestCases" name="TestCase_1" time="4.504"/>
  <system-out/>
  <testcase classname="testCases.TestCases" name="TestCase_1" time="4.736"/>
  <system-out/>
  <testcase classname="testCases.TestCases" name="TestCase_1" time="4.580"/>
  <system-out/>
  <testcase classname="testCases.TestCases" name="TestCase_1" time="4.383"/>
  <system-out/>
  <testcase classname="testCases.TestCases" name="TestCase_2" time="6.324"/>
  <system-out/>
  <testcase classname="testCases.TestCases" name="TestCase_3" time="31.133"/>
  <system-out/>
  <testcase classname="testCases.TestCases" name="TestCase_3" time="15.322"/>
  <system-out/>
  <testcase classname="testCases.TestCases" name="TestCase_3" time="15.313"/>
  <system-out/>
  <testcase classname="testCases.TestCases" name="TestCase_4" time="15.645"/>
  <system-out/>
  <testcase classname="testCases.TestCases" name="TestCase_4" time="10.218"/>
  <system-out/>
</testsuite> <!-- testCases.TestCases -->
