<?xml version="1.0" encoding="UTF-8"?>
<!-- Generated by org.testng.reporters.JUnitReportReporter -->
<testsuite hostname="hrahman-lt-9955" failures="0" tests="1" name="testCases.test" time="5.296" errors="0" timestamp="2022-05-06T06:04:51 EET" skipped="0">
  <testcase classname="testCases.test" name="testc" time="5.296"/>
  <system-out/>
</testsuite> <!-- testCases.test -->
